0 info it worked if it ends with ok
1 verbose cli [ '/usr/bin/node', '/usr/bin/npm', 'install', 'findup-sync', '-g' ]
2 info using npm@1.4.28
3 info using node@v0.10.36
4 verbose node symlink /usr/bin/node
5 verbose cache add [ 'findup-sync', null ]
6 verbose cache add name=undefined spec="findup-sync" args=["findup-sync",null]
7 verbose parsed url { protocol: null,
7 verbose parsed url   slashes: null,
7 verbose parsed url   auth: null,
7 verbose parsed url   host: null,
7 verbose parsed url   port: null,
7 verbose parsed url   hostname: null,
7 verbose parsed url   hash: null,
7 verbose parsed url   search: null,
7 verbose parsed url   query: null,
7 verbose parsed url   pathname: 'findup-sync',
7 verbose parsed url   path: 'findup-sync',
7 verbose parsed url   href: 'findup-sync' }
8 silly lockFile f4aa408d-findup-sync findup-sync
9 verbose lock findup-sync /home/harshit/.npm/f4aa408d-findup-sync.lock
10 silly lockFile f4aa408d-findup-sync findup-sync
11 silly lockFile f4aa408d-findup-sync findup-sync
12 verbose addNamed [ 'findup-sync', '' ]
13 verbose addNamed [ null, '*' ]
14 silly lockFile 47c4b035-findup-sync findup-sync@
15 verbose lock findup-sync@ /home/harshit/.npm/47c4b035-findup-sync.lock
16 silly addNameRange { name: 'findup-sync', range: '*', hasData: false }
17 verbose request where is /findup-sync
18 verbose request registry https://registry.npmjs.org/
19 verbose request id d9292ed7dafd1f8a
20 verbose url raw /findup-sync
21 verbose url resolving [ 'https://registry.npmjs.org/', './findup-sync' ]
22 verbose url resolved https://registry.npmjs.org/findup-sync
23 verbose request where is https://registry.npmjs.org/findup-sync
24 info trying registry request attempt 1 at 21:24:34
25 http GET https://registry.npmjs.org/findup-sync
26 http 200 https://registry.npmjs.org/findup-sync
27 silly registry.get cb [ 200,
27 silly registry.get   { date: 'Tue, 17 Mar 2015 15:54:41 GMT',
27 silly registry.get     server: 'CouchDB/1.5.0 (Erlang OTP/R16B03)',
27 silly registry.get     etag: '"4YFNGQ5GR08BLLOCJYDD926GS"',
27 silly registry.get     'content-type': 'application/json',
27 silly registry.get     'cache-control': 'max-age=60',
27 silly registry.get     'content-length': '9861',
27 silly registry.get     'accept-ranges': 'bytes',
27 silly registry.get     via: '1.1 varnish',
27 silly registry.get     age: '35',
27 silly registry.get     'x-served-by': 'cache-lax1429-LAX',
27 silly registry.get     'x-cache': 'HIT',
27 silly registry.get     'x-cache-hits': '1',
27 silly registry.get     'x-timer': 'S1426607681.419280,VS0,VE0',
27 silly registry.get     vary: 'Accept',
27 silly registry.get     'keep-alive': 'timeout=10, max=50',
27 silly registry.get     connection: 'Keep-Alive' } ]
28 silly addNameRange number 2 { name: 'findup-sync', range: '*', hasData: true }
29 silly addNameRange versions [ 'findup-sync',
29 silly addNameRange   [ '0.1.0', '0.1.1', '0.1.2', '0.1.3', '0.2.0', '0.2.1' ] ]
30 verbose addNamed [ 'findup-sync', '0.2.1' ]
31 verbose addNamed [ '0.2.1', '0.2.1' ]
32 silly lockFile 4139f8f9-findup-sync-0-2-1 findup-sync@0.2.1
33 verbose lock findup-sync@0.2.1 /home/harshit/.npm/4139f8f9-findup-sync-0-2-1.lock
34 silly lockFile 890735fd-indup-sync-findup-sync-0-2-1-tgz https://registry.npmjs.org/findup-sync/-/findup-sync-0.2.1.tgz
35 verbose lock https://registry.npmjs.org/findup-sync/-/findup-sync-0.2.1.tgz /home/harshit/.npm/890735fd-indup-sync-findup-sync-0-2-1-tgz.lock
36 verbose addRemoteTarball [ 'https://registry.npmjs.org/findup-sync/-/findup-sync-0.2.1.tgz',
36 verbose addRemoteTarball   'e0a90a450075c49466ee513732057514b81e878c' ]
37 info retry fetch attempt 1 at 21:24:40
38 verbose fetch to= /tmp/npm-23616-NVBt6nWA/registry.npmjs.org/findup-sync/-/findup-sync-0.2.1.tgz
39 http GET https://registry.npmjs.org/findup-sync/-/findup-sync-0.2.1.tgz
40 http 200 https://registry.npmjs.org/findup-sync/-/findup-sync-0.2.1.tgz
41 silly lockFile 890735fd-indup-sync-findup-sync-0-2-1-tgz https://registry.npmjs.org/findup-sync/-/findup-sync-0.2.1.tgz
42 silly lockFile 890735fd-indup-sync-findup-sync-0-2-1-tgz https://registry.npmjs.org/findup-sync/-/findup-sync-0.2.1.tgz
43 silly lockFile 4139f8f9-findup-sync-0-2-1 findup-sync@0.2.1
44 silly lockFile 4139f8f9-findup-sync-0-2-1 findup-sync@0.2.1
45 silly lockFile 47c4b035-findup-sync findup-sync@
46 silly lockFile 47c4b035-findup-sync findup-sync@
47 silly resolved [ { name: 'findup-sync',
47 silly resolved     description: 'Find the first file matching a given pattern in the current directory or the nearest ancestor directory.',
47 silly resolved     version: '0.2.1',
47 silly resolved     homepage: 'https://github.com/cowboy/node-findup-sync',
47 silly resolved     author: { name: '"Cowboy" Ben Alman', url: 'http://benalman.com/' },
47 silly resolved     repository:
47 silly resolved      { type: 'git',
47 silly resolved        url: 'git://github.com/cowboy/node-findup-sync.git' },
47 silly resolved     bugs: { url: 'https://github.com/cowboy/node-findup-sync/issues' },
47 silly resolved     licenses: [ [Object] ],
47 silly resolved     main: 'lib/findup-sync',
47 silly resolved     engines: { node: '>= 0.6.0' },
47 silly resolved     scripts: { test: 'grunt nodeunit' },
47 silly resolved     dependencies: { glob: '~4.3.0' },
47 silly resolved     devDependencies:
47 silly resolved      { grunt: '~0.4.4',
47 silly resolved        'grunt-contrib-jshint': '~0.9.2',
47 silly resolved        'grunt-contrib-nodeunit': '~0.3.3' },
47 silly resolved     keywords: [ 'find', 'glob', 'file' ],
47 silly resolved     gitHead: 'c392a8a921d4d2655b4fe17e3d1a2f4ced14f858',
47 silly resolved     _id: 'findup-sync@0.2.1',
47 silly resolved     _shasum: 'e0a90a450075c49466ee513732057514b81e878c',
47 silly resolved     _from: 'findup-sync@',
47 silly resolved     _npmVersion: '2.0.0',
47 silly resolved     _npmUser: { name: 'tkellen', email: 'tyler@sleekcode.net' },
47 silly resolved     maintainers: [ [Object], [Object] ],
47 silly resolved     dist:
47 silly resolved      { shasum: 'e0a90a450075c49466ee513732057514b81e878c',
47 silly resolved        tarball: 'http://registry.npmjs.org/findup-sync/-/findup-sync-0.2.1.tgz' },
47 silly resolved     directories: {},
47 silly resolved     _resolved: 'https://registry.npmjs.org/findup-sync/-/findup-sync-0.2.1.tgz' } ]
48 info install findup-sync@0.2.1 into /usr/lib
49 info installOne findup-sync@0.2.1
50 verbose lib/node_modules/findup-sync unbuild
51 verbose tar unpack /home/harshit/.npm/findup-sync/0.2.1/package.tgz
52 silly lockFile 6fd1bf61-usr-lib-node-modules-findup-sync tar:///usr/lib/node_modules/findup-sync
53 verbose lock tar:///usr/lib/node_modules/findup-sync /home/harshit/.npm/6fd1bf61-usr-lib-node-modules-findup-sync.lock
54 silly lockFile 4c0c25b6-pm-findup-sync-0-2-1-package-tgz tar:///home/harshit/.npm/findup-sync/0.2.1/package.tgz
55 verbose lock tar:///home/harshit/.npm/findup-sync/0.2.1/package.tgz /home/harshit/.npm/4c0c25b6-pm-findup-sync-0-2-1-package-tgz.lock
56 silly gunzTarPerm modes [ '775', '664' ]
57 error Error: EACCES, mkdir '/usr/lib/node_modules/findup-sync'
57 error  { [Error: EACCES, mkdir '/usr/lib/node_modules/findup-sync']
57 error   errno: 3,
57 error   code: 'EACCES',
57 error   path: '/usr/lib/node_modules/findup-sync',
57 error   fstream_type: 'Directory',
57 error   fstream_path: '/usr/lib/node_modules/findup-sync',
57 error   fstream_class: 'DirWriter',
57 error   fstream_stack:
57 error    [ '/usr/lib/node_modules/npm/node_modules/fstream/lib/dir-writer.js:36:23',
57 error      '/usr/lib/node_modules/npm/node_modules/mkdirp/index.js:46:53',
57 error      'Object.oncomplete (fs.js:108:15)' ] }
58 error Please try running this command again as root/Administrator.
59 error System Linux 3.13.0-32-generic
60 error command "/usr/bin/node" "/usr/bin/npm" "install" "findup-sync" "-g"
61 error cwd /home/harshit/channeli/apps/lectut/static/lectut-front
62 error node -v v0.10.36
63 error npm -v 1.4.28
64 error path /usr/lib/node_modules/findup-sync
65 error fstream_path /usr/lib/node_modules/findup-sync
66 error fstream_type Directory
67 error fstream_class DirWriter
68 error code EACCES
69 error errno 3
70 error stack Error: EACCES, mkdir '/usr/lib/node_modules/findup-sync'
71 error fstream_stack /usr/lib/node_modules/npm/node_modules/fstream/lib/dir-writer.js:36:23
71 error fstream_stack /usr/lib/node_modules/npm/node_modules/mkdirp/index.js:46:53
71 error fstream_stack Object.oncomplete (fs.js:108:15)
72 verbose exit [ 3, true ]
