0 info it worked if it ends with ok
1 verbose cli [ '/usr/local/bin/node',
1 verbose cli   '/usr/local/bin/npm',
1 verbose cli   'install',
1 verbose cli   'newman',
1 verbose cli   '-g' ]
2 info using npm@2.11.3
3 info using node@v0.12.7
4 verbose install initial load of /usr/local/lib/package.json
5 verbose readDependencies loading dependencies from /usr/local/lib/package.json
6 silly cache add args [ 'newman', null ]
7 verbose cache add spec newman
8 silly cache add parsed spec { raw: 'newman',
8 silly cache add   scope: null,
8 silly cache add   name: 'newman',
8 silly cache add   rawSpec: '',
8 silly cache add   spec: '*',
8 silly cache add   type: 'range' }
9 silly addNamed newman@*
10 verbose addNamed "*" is a valid semver range for newman
11 silly addNameRange { name: 'newman', range: '*', hasData: false }
12 silly mapToRegistry name newman
13 silly mapToRegistry using default registry
14 silly mapToRegistry registry https://registry.npmjs.org/
15 silly mapToRegistry uri https://registry.npmjs.org/newman
16 verbose addNameRange registry:https://registry.npmjs.org/newman not in flight; fetching
17 verbose request uri https://registry.npmjs.org/newman
18 verbose request no auth needed
19 info attempt registry request try #1 at 11:19:18 PM
20 verbose request id 1b8f1353cd0860ec
21 http request GET https://registry.npmjs.org/newman
22 http 200 https://registry.npmjs.org/newman
23 silly get cb [ 200,
23 silly get   { server: 'CouchDB/1.5.0 (Erlang OTP/R16B03)',
23 silly get     etag: '"AYEQ15JKUIF7MPYRR8DLOLG6Z"',
23 silly get     'content-type': 'application/json',
23 silly get     'cache-control': 'max-age=60',
23 silly get     'content-length': '87707',
23 silly get     'accept-ranges': 'bytes',
23 silly get     date: 'Wed, 30 Sep 2015 17:49:25 GMT',
23 silly get     via: '1.1 varnish',
23 silly get     age: '0',
23 silly get     connection: 'keep-alive',
23 silly get     'x-served-by': 'cache-sin6927-SIN',
23 silly get     'x-cache': 'HIT',
23 silly get     'x-cache-hits': '1',
23 silly get     'x-timer': 'S1443635365.072324,VS0,VE251',
23 silly get     vary: 'Accept' } ]
24 verbose get saving newman to /home/kanav/.npm/registry.npmjs.org/newman/.cache.json
25 verbose getCacheStat cache creation not in flight; initializing
26 silly addNameRange number 2 { name: 'newman', range: '*', hasData: true }
27 silly addNameRange versions [ 'newman',
27 silly addNameRange   [ '1.0.0',
27 silly addNameRange     '1.0.1',
27 silly addNameRange     '1.0.2',
27 silly addNameRange     '1.0.3',
27 silly addNameRange     '1.0.4',
27 silly addNameRange     '1.0.5',
27 silly addNameRange     '1.0.6',
27 silly addNameRange     '1.0.7',
27 silly addNameRange     '1.0.8',
27 silly addNameRange     '1.0.9',
27 silly addNameRange     '1.1.0',
27 silly addNameRange     '1.1.1',
27 silly addNameRange     '1.1.2',
27 silly addNameRange     '1.1.3',
27 silly addNameRange     '1.1.4',
27 silly addNameRange     '1.1.5',
27 silly addNameRange     '1.1.6',
27 silly addNameRange     '1.1.7',
27 silly addNameRange     '1.1.8',
27 silly addNameRange     '1.1.9',
27 silly addNameRange     '1.2.0',
27 silly addNameRange     '1.2.1',
27 silly addNameRange     '1.2.2',
27 silly addNameRange     '1.2.3',
27 silly addNameRange     '1.2.4',
27 silly addNameRange     '1.2.5',
27 silly addNameRange     '1.2.6',
27 silly addNameRange     '1.2.7',
27 silly addNameRange     '1.2.8',
27 silly addNameRange     '1.2.9',
27 silly addNameRange     '1.2.10',
27 silly addNameRange     '1.2.11',
27 silly addNameRange     '1.2.12',
27 silly addNameRange     '1.2.13',
27 silly addNameRange     '1.2.14',
27 silly addNameRange     '1.2.15',
27 silly addNameRange     '1.2.16',
27 silly addNameRange     '1.2.17',
27 silly addNameRange     '1.2.18',
27 silly addNameRange     '1.2.19',
27 silly addNameRange     '1.2.20',
27 silly addNameRange     '1.2.21',
27 silly addNameRange     '2.0.0-beta.1' ] ]
28 silly addNamed newman@1.2.21
29 verbose addNamed "1.2.21" is a plain semver version for newman
30 silly mapToRegistry name newman
31 silly mapToRegistry using default registry
32 silly mapToRegistry registry https://registry.npmjs.org/
33 silly mapToRegistry uri https://registry.npmjs.org/newman
34 verbose addRemoteTarball https://registry.npmjs.org/newman/-/newman-1.2.21.tgz not in flight; adding
35 verbose addRemoteTarball [ 'https://registry.npmjs.org/newman/-/newman-1.2.21.tgz',
35 verbose addRemoteTarball   'cc0ee7c774e122583fe6ba6a6cf70f33564daa80' ]
36 info retry fetch attempt 1 at 11:19:21 PM
37 info attempt registry request try #1 at 11:19:21 PM
38 http fetch GET https://registry.npmjs.org/newman/-/newman-1.2.21.tgz
39 http fetch 200 https://registry.npmjs.org/newman/-/newman-1.2.21.tgz
40 silly fetchAndShaCheck shasum cc0ee7c774e122583fe6ba6a6cf70f33564daa80
41 verbose addTmpTarball /tmp/npm-98520-250f8526/registry.npmjs.org/newman/-/newman-1.2.21.tgz not in flight; adding
42 verbose addTmpTarball already have metadata; skipping unpack for newman@1.2.21
43 silly cache afterAdd newman@1.2.21
44 verbose afterAdd /home/kanav/.npm/newman/1.2.21/package/package.json not in flight; writing
45 verbose afterAdd /home/kanav/.npm/newman/1.2.21/package/package.json written
46 silly install resolved [ { name: 'newman',
46 silly install resolved     version: '1.2.21',
46 silly install resolved     author: { name: 'Postman Labs' },
46 silly install resolved     main: 'index.js',
46 silly install resolved     homepage: 'https://github.com/postmanlabs/newman',
46 silly install resolved     bugs: { url: 'https://github.com/postmanlabs/newman/issues' },
46 silly install resolved     description: 'Command-line utility for Postman',
46 silly install resolved     repository: { type: 'git', url: 'git://github.com/postmanlabs/newman.git' },
46 silly install resolved     contributors: [ [Object], [Object], [Object] ],
46 silly install resolved     engines: { node: '>=0.6.x' },
46 silly install resolved     keywords: [ 'postman', 'api', 'rest-client', 'rest' ],
46 silly install resolved     bin: { newman: './bin/newman' },
46 silly install resolved     preferGlobal: true,
46 silly install resolved     dependencies:
46 silly install resolved      { atob: '1.1.2',
46 silly install resolved        backbone: '^1.1.2',
46 silly install resolved        btoa: '1.1.2',
46 silly install resolved        'cli-color': '0.2.x',
46 silly install resolved        commander: '2.x.x',
46 silly install resolved        'crypto-js': '^3.1.5',
46 silly install resolved        dot: '1.0.3',
46 silly install resolved        jquery: '2.1.1',
46 silly install resolved        jsdom: '3.x.x',
46 silly install resolved        jsface: '2.2.x',
46 silly install resolved        json5: '^0.4.0',
46 silly install resolved        lodash: '^3.3.0',
46 silly install resolved        mkdirp: '^0.5.0',
46 silly install resolved        'node-uuid': '1.4.1',
46 silly install resolved        postman_validator: '0.0.4',
46 silly install resolved        request: '2.40.0',
46 silly install resolved        sugar: '1.3.9',
46 silly install resolved        tv4: '^1.1.9',
46 silly install resolved        underscore: '1.x.x',
46 silly install resolved        unirest: '^0.4.0',
46 silly install resolved        xml2js: '^0.4.5' },
46 silly install resolved     devDependencies:
46 silly install resolved      { grunt: '~0.4.2',
46 silly install resolved        'grunt-contrib-jshint': '~0.6.3',
46 silly install resolved        'grunt-contrib-nodeunit': '~0.2.0',
46 silly install resolved        'grunt-jsdoc': '^0.6.7',
46 silly install resolved        sinon: '^1.15.4',
46 silly install resolved        'grunt-mocha-test': '0.12.7',
46 silly install resolved        'grunt-run': '~0.2.2' },
46 silly install resolved     scripts: { test: 'grunt test' },
46 silly install resolved     license: 'Apache',
46 silly install resolved     gitHead: 'b8834cb484888d33c1965b87f71775bf32078525',
46 silly install resolved     _id: 'newman@1.2.21',
46 silly install resolved     _shasum: 'cc0ee7c774e122583fe6ba6a6cf70f33564daa80',
46 silly install resolved     _from: 'newman@*',
46 silly install resolved     _npmVersion: '2.14.1',
46 silly install resolved     _nodeVersion: '0.12.0',
46 silly install resolved     _npmUser: { name: 'abhijitkane', email: 'abhijitkane@gmail.com' },
46 silly install resolved     maintainers: [ [Object], [Object], [Object] ],
46 silly install resolved     dist:
46 silly install resolved      { shasum: 'cc0ee7c774e122583fe6ba6a6cf70f33564daa80',
46 silly install resolved        tarball: 'http://registry.npmjs.org/newman/-/newman-1.2.21.tgz' },
46 silly install resolved     directories: {},
46 silly install resolved     _resolved: 'https://registry.npmjs.org/newman/-/newman-1.2.21.tgz' } ]
47 info install newman@1.2.21 into /usr/local/lib
48 info installOne newman@1.2.21
49 verbose installOne of newman to /usr/local/lib not in flight; installing
50 verbose lock using /home/kanav/.npm/_locks/newman-2cdde1be19c1c00f.lock for /usr/local/lib/node_modules/newman
51 silly install write writing newman 1.2.21 to /usr/local/lib/node_modules/newman
52 verbose unbuild lib/node_modules/newman
53 silly gentlyRm /usr/local/lib/node_modules/newman is being purged from base /usr/local
54 verbose gentlyRm don't care about contents; nuking /usr/local/lib/node_modules/newman
55 verbose tar unpack /home/kanav/.npm/newman/1.2.21/package.tgz
56 verbose tar unpacking to /usr/local/lib/node_modules/newman
57 silly gentlyRm /usr/local/lib/node_modules/newman is being purged
58 verbose gentlyRm don't care about contents; nuking /usr/local/lib/node_modules/newman
59 silly gunzTarPerm modes [ '775', '664' ]
60 error tar.unpack untar error /home/kanav/.npm/newman/1.2.21/package.tgz
61 verbose unlock done using /home/kanav/.npm/_locks/newman-2cdde1be19c1c00f.lock for /usr/local/lib/node_modules/newman
62 verbose fstream_path /usr/local/lib/node_modules/newman
63 verbose fstream_type Directory
64 verbose fstream_class DirWriter
65 verbose stack Error: EACCES, mkdir '/usr/local/lib/node_modules/newman'
65 verbose stack     at Error (native)
66 verbose fstream_stack /usr/local/lib/node_modules/npm/node_modules/fstream/lib/dir-writer.js:35:25
66 verbose fstream_stack /usr/local/lib/node_modules/npm/node_modules/mkdirp/index.js:47:53
66 verbose fstream_stack FSReqWrap.oncomplete (fs.js:95:15)
67 verbose cwd /home/kanav/channeli
68 error Linux 3.16.0-43-generic
69 error argv "/usr/local/bin/node" "/usr/local/bin/npm" "install" "newman" "-g"
70 error node v0.12.7
71 error npm  v2.11.3
72 error path /usr/local/lib/node_modules/newman
73 error code EACCES
74 error errno -13
75 error Error: EACCES, mkdir '/usr/local/lib/node_modules/newman'
75 error     at Error (native)
75 error  { [Error: EACCES, mkdir '/usr/local/lib/node_modules/newman']
75 error   errno: -13,
75 error   code: 'EACCES',
75 error   path: '/usr/local/lib/node_modules/newman',
75 error   fstream_type: 'Directory',
75 error   fstream_path: '/usr/local/lib/node_modules/newman',
75 error   fstream_class: 'DirWriter',
75 error   fstream_stack:
75 error    [ '/usr/local/lib/node_modules/npm/node_modules/fstream/lib/dir-writer.js:35:25',
75 error      '/usr/local/lib/node_modules/npm/node_modules/mkdirp/index.js:47:53',
75 error      'FSReqWrap.oncomplete (fs.js:95:15)' ] }
76 error Please try running this command again as root/Administrator.
77 verbose exit [ -13, true ]
78 verbose unbuild lib/node_modules/newman
79 silly gentlyRm /usr/local/lib/node_modules/newman is being purged from base /usr/local
80 verbose gentlyRm don't care about contents; nuking /usr/local/lib/node_modules/newman
